This is XeTeX, Version 3.141592653-2.6-0.999997 (TeX Live 2025) (preloaded format=xelatex 2025.6.2)  20 JUN 2025 23:27
entering extended mode
 restricted \write18 enabled.
 file:line:error style messages enabled.
 %&-line parsing enabled.
**sample-manuscript
(./sample-manuscript.tex
LaTeX2e <2024-11-01> patch level 2
L3 programming layer <2025-01-18>
(./acmart.cls
Document Class: acmart 2024/12/28 v2.12 Typesetting articles for the Association for Computing Machinery
(d:/download/texlive/2025/texmf-dist/tex/latex/xkeyval/xkeyval.sty
Package: xkeyval 2022/06/16 v2.9 package option processing (HA)
 (d:/download/texlive/2025/texmf-dist/tex/generic/xkeyval/xkeyval.tex (d:/download/texlive/2025/texmf-dist/tex/generic/xkeyval/xkvutils.tex
\XKV@toks=\toks17
\XKV@tempa@toks=\toks18
 (d:/download/texlive/2025/texmf-dist/tex/generic/xkeyval/keyval.tex))
\XKV@depth=\count192
File: xkeyval.tex 2014/12/03 v2.7a key=value parser (HA)
)) (d:/download/texlive/2025/texmf-dist/tex/generic/xstring/xstring.sty (d:/download/texlive/2025/texmf-dist/tex/generic/xstring/xstring.tex
\xs_counta=\count193
\xs_countb=\count194
)
Package: xstring 2023/08/22 v1.86 String manipulations (CT)
) (d:/download/texlive/2025/texmf-dist/tex/generic/iftex/iftex.sty
Package: iftex 2024/12/12 v1.0g TeX engine tests
)
Package acmart Info: Not using screen mode on input line 76.
Package acmart Info: Using breaking urls on hyphens on input line 84.
Package acmart Info: Requiring acmthm on input line 92.
Package acmart Info: Not using review mode on input line 101.
Package acmart Info: Not using authorversion mode on input line 109.
Package acmart Info: Not using nonacm mode on input line 121.
Package acmart Info: Explicitly selecting natbib mode on input line 137.
Package acmart Info: Not using anonymous mode on input line 145.
Package acmart Info: Not using timestamp mode on input line 153.
Package acmart Info: Not using authordraft mode on input line 163.
Package acmart Info: Using screen mode on input line 178.
Package acmart Info: Using review mode on input line 178.
Class acmart Info: Using format manuscript, number 0 on input line 178.
Class acmart Info: Using fontsize 9pt on input line 280.
 (d:/download/texlive/2025/texmf-dist/tex/latex/amscls/amsart.cls
Document Class: amsart 2020/05/29 v2.20.6
\linespacing=\dimen141
\normalparindent=\dimen142
\normaltopskip=\skip49
(d:/download/texlive/2025/texmf-dist/tex/latex/amsmath/amsmath.sty
Package: amsmath 2024/11/05 v2.17t AMS math features
\@mathmargin=\skip50

For additional information on amsmath, use the `?' option.
(d:/download/texlive/2025/texmf-dist/tex/latex/amsmath/amstext.sty
Package: amstext 2021/08/26 v2.01 AMS text
 (d:/download/texlive/2025/texmf-dist/tex/latex/amsmath/amsgen.sty
File: amsgen.sty 1999/11/30 v2.0 generic functions
\@emptytoks=\toks19
\ex@=\dimen143
)) (d:/download/texlive/2025/texmf-dist/tex/latex/amsmath/amsbsy.sty
Package: amsbsy 1999/11/29 v1.2d Bold Symbols
\pmbraise@=\dimen144
) (d:/download/texlive/2025/texmf-dist/tex/latex/amsmath/amsopn.sty
Package: amsopn 2022/04/08 v2.04 operator names
)
\inf@bad=\count195
LaTeX Info: Redefining \frac on input line 233.
\uproot@=\count196
\leftroot@=\count197
LaTeX Info: Redefining \overline on input line 398.
LaTeX Info: Redefining \colon on input line 409.
\classnum@=\count198
\DOTSCASE@=\count199
LaTeX Info: Redefining \ldots on input line 495.
LaTeX Info: Redefining \dots on input line 498.
LaTeX Info: Redefining \cdots on input line 619.
\Mathstrutbox@=\box52
\strutbox@=\box53
LaTeX Info: Redefining \big on input line 721.
LaTeX Info: Redefining \Big on input line 722.
LaTeX Info: Redefining \bigg on input line 723.
LaTeX Info: Redefining \Bigg on input line 724.
\big@size=\dimen145
LaTeX Font Info:    Redeclaring font encoding OML on input line 742.
LaTeX Font Info:    Redeclaring font encoding OMS on input line 743.
\macc@depth=\count266
LaTeX Info: Redefining \bmod on input line 904.
LaTeX Info: Redefining \pmod on input line 909.
LaTeX Info: Redefining \smash on input line 939.
LaTeX Info: Redefining \relbar on input line 969.
LaTeX Info: Redefining \Relbar on input line 970.
\c@MaxMatrixCols=\count267
\dotsspace@=\muskip17
\c@parentequation=\count268
\dspbrk@lvl=\count269
\tag@help=\toks20
\row@=\count270
\column@=\count271
\maxfields@=\count272
\andhelp@=\toks21
\eqnshift@=\dimen146
\alignsep@=\dimen147
\tagshift@=\dimen148
\tagwidth@=\dimen149
\totwidth@=\dimen150
\lineht@=\dimen151
\@envbody=\toks22
\multlinegap=\skip51
\multlinetaggap=\skip52
\mathdisplay@stack=\toks23
LaTeX Info: Redefining \[ on input line 2953.
LaTeX Info: Redefining \] on input line 2954.
)
LaTeX Font Info:    Trying to load font information for U+msa on input line 397.
 (d:/download/texlive/2025/texmf-dist/tex/latex/amsfonts/umsa.fd
File: umsa.fd 2013/01/14 v3.01 AMS symbols A
) (d:/download/texlive/2025/texmf-dist/tex/latex/amsfonts/amsfonts.sty
Package: amsfonts 2013/01/14 v3.01 Basic AMSFonts support
\symAMSa=\mathgroup4
\symAMSb=\mathgroup5
LaTeX Font Info:    Redeclaring math symbol \hbar on input line 98.
LaTeX Font Info:    Overwriting math alphabet `\mathfrak' in version `bold'
(Font)                  U/euf/m/n --> U/euf/b/n on input line 106.
)
\copyins=\insert252
\abstractbox=\box54
\listisep=\skip53
\c@part=\count273
\c@section=\count274
\c@subsection=\count275
\c@subsubsection=\count276
\c@paragraph=\count277
\c@subparagraph=\count278
\c@figure=\count279
\c@table=\count280
\abovecaptionskip=\skip54
\belowcaptionskip=\skip55
\captionindent=\dimen152
\thm@style=\toks24
\thm@bodyfont=\toks25
\thm@headfont=\toks26
\thm@notefont=\toks27
\thm@headpunct=\toks28
\thm@preskip=\skip56
\thm@postskip=\skip57
\thm@headsep=\skip58
\dth@everypar=\toks29
) (d:/download/texlive/2025/texmf-dist/tex/latex/microtype/microtype.sty
Package: microtype 2025/02/11 v3.2a Micro-typographical refinements (RS)
 (d:/download/texlive/2025/texmf-dist/tex/latex/etoolbox/etoolbox.sty
Package: etoolbox 2025/02/11 v2.5l e-TeX tools for LaTeX (JAW)
\etb@tempcnta=\count281
)
\MT@toks=\toks30
\MT@tempbox=\box55
\MT@count=\count282
LaTeX Info: Redefining \noprotrusionifhmode on input line 1087.
LaTeX Info: Redefining \leftprotrusion on input line 1088.
\MT@prot@toks=\toks31
LaTeX Info: Redefining \rightprotrusion on input line 1107.
LaTeX Info: Redefining \textls on input line 1449.
\MT@outer@kern=\dimen153
LaTeX Info: Redefining \microtypecontext on input line 2053.
LaTeX Info: Redefining \textmicrotypecontext on input line 2070.
\MT@listname@count=\count283
 (d:/download/texlive/2025/texmf-dist/tex/latex/microtype/microtype-xetex.def
File: microtype-xetex.def 2025/02/11 v3.2a Definitions specific to xetex (RS)
LaTeX Info: Redefining \lsstyle on input line 443.
LaTeX Info: Redefining \lslig on input line 451.
\MT@outer@space=\skip59
)
Package microtype Info: Loading configuration file microtype.cfg.
 (d:/download/texlive/2025/texmf-dist/tex/latex/microtype/microtype.cfg
File: microtype.cfg 2025/02/11 v3.2a microtype main configuration file (RS)
)
LaTeX Info: Redefining \microtypesetup on input line 3065.
) (d:/download/texlive/2025/texmf-dist/tex/latex/booktabs/booktabs.sty
Package: booktabs 2020/01/12 v1.61803398 Publication quality tables
\heavyrulewidth=\dimen154
\lightrulewidth=\dimen155
\cmidrulewidth=\dimen156
\belowrulesep=\dimen157
\belowbottomsep=\dimen158
\aboverulesep=\dimen159
\abovetopsep=\dimen160
\cmidrulesep=\dimen161
\cmidrulekern=\dimen162
\defaultaddspace=\dimen163
\@cmidla=\count284
\@cmidlb=\count285
\@aboverulesep=\dimen164
\@belowrulesep=\dimen165
\@thisruleclass=\count286
\@lastruleclass=\count287
\@thisrulewidth=\dimen166
) (d:/download/texlive/2025/texmf-dist/tex/latex/refcount/refcount.sty
Package: refcount 2019/12/15 v3.6 Data extraction from label references (HO)
 (d:/download/texlive/2025/texmf-dist/tex/generic/ltxcmds/ltxcmds.sty
Package: ltxcmds 2023-12-04 v1.26 LaTeX kernel commands for general use (HO)
) (d:/download/texlive/2025/texmf-dist/tex/generic/infwarerr/infwarerr.sty
Package: infwarerr 2019/12/03 v1.5 Providing info/warning/error messages (HO)
)) (d:/download/texlive/2025/texmf-dist/tex/latex/totpages/totpages.sty
Package: totpages 2005/09/19 v2.00 Totpages Package (muewi)
 (d:/download/texlive/2025/texmf-dist/tex/latex/everyshi/everyshi.sty
Package: everyshi 2020/11/18 v4.00 EveryShipout Package
)) (d:/download/texlive/2025/texmf-dist/tex/latex/environ/environ.sty
Package: environ 2014/05/04 v0.3 A new way to define environments
 (d:/download/texlive/2025/texmf-dist/tex/latex/trimspaces/trimspaces.sty
Package: trimspaces 2009/09/17 v1.1 Trim spaces around a token list
)) (d:/download/texlive/2025/texmf-dist/tex/latex/setspace/setspace.sty
Package: setspace 2022/12/04 v6.7b set line spacing
)
\@ACM@acmcp@delta=\dimen167
 (d:/download/texlive/2025/texmf-dist/tex/latex/natbib/natbib.sty
Package: natbib 2010/09/13 8.31b (PWD, AO)
\bibhang=\skip60
\bibsep=\skip61
LaTeX Info: Redefining \cite on input line 694.
\c@NAT@ctr=\count288
) (d:/download/texlive/2025/texmf-dist/tex/latex/hyperref/hyperref.sty
Package: hyperref 2024-11-05 v7.01l Hypertext links for LaTeX
 (d:/download/texlive/2025/texmf-dist/tex/latex/kvsetkeys/kvsetkeys.sty
Package: kvsetkeys 2022-10-05 v1.19 Key value parser (HO)
) (d:/download/texlive/2025/texmf-dist/tex/generic/kvdefinekeys/kvdefinekeys.sty
Package: kvdefinekeys 2019-12-19 v1.6 Define keys (HO)
) (d:/download/texlive/2025/texmf-dist/tex/generic/pdfescape/pdfescape.sty
Package: pdfescape 2019/12/09 v1.15 Implements pdfTeX's escape features (HO)
 (d:/download/texlive/2025/texmf-dist/tex/generic/pdftexcmds/pdftexcmds.sty
Package: pdftexcmds 2020-06-27 v0.33 Utility functions of pdfTeX for LuaTeX (HO)
Package pdftexcmds Info: \pdf@primitive is available.
Package pdftexcmds Info: \pdf@ifprimitive is available.
Package pdftexcmds Info: \pdfdraftmode not found.
)) (d:/download/texlive/2025/texmf-dist/tex/latex/hycolor/hycolor.sty
Package: hycolor 2020-01-27 v1.10 Color options for hyperref/bookmark (HO)
) (d:/download/texlive/2025/texmf-dist/tex/latex/hyperref/nameref.sty
Package: nameref 2023-11-26 v2.56 Cross-referencing by name of section
 (d:/download/texlive/2025/texmf-dist/tex/generic/gettitlestring/gettitlestring.sty
Package: gettitlestring 2019/12/15 v1.6 Cleanup title references (HO)
 (d:/download/texlive/2025/texmf-dist/tex/latex/kvoptions/kvoptions.sty
Package: kvoptions 2022-06-15 v3.15 Key value format for package options (HO)
))
\c@section@level=\count289
) (d:/download/texlive/2025/texmf-dist/tex/generic/stringenc/stringenc.sty
Package: stringenc 2019/11/29 v1.12 Convert strings between diff. encodings (HO)
)
\@linkdim=\dimen168
\Hy@linkcounter=\count290
\Hy@pagecounter=\count291
 (d:/download/texlive/2025/texmf-dist/tex/latex/hyperref/pd1enc.def
File: pd1enc.def 2024-11-05 v7.01l Hyperref: PDFDocEncoding definition (HO)
) (d:/download/texlive/2025/texmf-dist/tex/generic/intcalc/intcalc.sty
Package: intcalc 2019/12/15 v1.3 Expandable calculations with integers (HO)
)
\Hy@SavedSpaceFactor=\count292
 (d:/download/texlive/2025/texmf-dist/tex/latex/hyperref/puenc.def
File: puenc.def 2024-11-05 v7.01l Hyperref: PDF Unicode definition (HO)
)
Package hyperref Info: Option `bookmarksnumbered' set `true' on input line 4040.
Package hyperref Info: Option `unicode' set `true' on input line 4040.
Package hyperref Info: Hyper figures OFF on input line 4157.
Package hyperref Info: Link nesting OFF on input line 4162.
Package hyperref Info: Hyper index ON on input line 4165.
Package hyperref Info: Plain pages OFF on input line 4172.
Package hyperref Info: Backreferencing OFF on input line 4177.
Package hyperref Info: Implicit mode ON; LaTeX internals redefined.
Package hyperref Info: Bookmarks ON on input line 4424.
\c@Hy@tempcnt=\count293
 (d:/download/texlive/2025/texmf-dist/tex/latex/url/url.sty
\Urlmuskip=\muskip18
Package: url 2013/09/16  ver 3.4  Verb mode for urls, etc.
)
LaTeX Info: Redefining \url on input line 4763.
\XeTeXLinkMargin=\dimen169
 (d:/download/texlive/2025/texmf-dist/tex/generic/bitset/bitset.sty
Package: bitset 2019/12/09 v1.3 Handle bit-vector datatype (HO)
 (d:/download/texlive/2025/texmf-dist/tex/generic/bigintcalc/bigintcalc.sty
Package: bigintcalc 2019/12/15 v1.5 Expandable calculations on big integers (HO)
))
\Fld@menulength=\count294
\Field@Width=\dimen170
\Fld@charsize=\dimen171
Package hyperref Info: Hyper figures OFF on input line 6042.
Package hyperref Info: Link nesting OFF on input line 6047.
Package hyperref Info: Hyper index ON on input line 6050.
Package hyperref Info: backreferencing OFF on input line 6057.
Package hyperref Info: Link coloring OFF on input line 6062.
Package hyperref Info: Link coloring with OCG OFF on input line 6067.
Package hyperref Info: PDF/A mode OFF on input line 6072.
 (d:/download/texlive/2025/texmf-dist/tex/latex/base/atbegshi-ltx.sty
Package: atbegshi-ltx 2021/01/10 v1.0c Emulation of the original atbegshi
package with kernel methods
)
\Hy@abspage=\count295
\c@Item=\count296
\c@Hfootnote=\count297
)
Package hyperref Info: Driver (autodetected): hxetex.
 (d:/download/texlive/2025/texmf-dist/tex/latex/hyperref/hxetex.def
File: hxetex.def 2024-11-05 v7.01l Hyperref driver for XeTeX
\pdfm@box=\box56
\c@Hy@AnnotLevel=\count298
\HyField@AnnotCount=\count299
\Fld@listcount=\count300
\c@bookmark@seq@number=\count301
 (d:/download/texlive/2025/texmf-dist/tex/latex/rerunfilecheck/rerunfilecheck.sty
Package: rerunfilecheck 2022-07-10 v1.10 Rerun checks for auxiliary files (HO)
 (d:/download/texlive/2025/texmf-dist/tex/latex/base/atveryend-ltx.sty
Package: atveryend-ltx 2020/08/19 v1.0a Emulation of the original atveryend package
with kernel methods
) (d:/download/texlive/2025/texmf-dist/tex/generic/uniquecounter/uniquecounter.sty
Package: uniquecounter 2019/12/15 v1.4 Provide unlimited unique counter (HO)
)
Package uniquecounter Info: New unique counter `rerunfilecheck' on input line 285.
)
\Hy@SectionHShift=\skip62
) (d:/download/texlive/2025/texmf-dist/tex/latex/hyperxmp/hyperxmp.sty
Package: hyperxmp 2024/03/17 v5.13 Store hyperref metadata in XMP format
\hyxmp@aep@toks=\toks32
 (d:/download/texlive/2025/texmf-dist/tex/latex/ifmtarg/ifmtarg.sty
Package: ifmtarg 2018/04/16 v1.2b check for an empty argument
) (d:/download/texlive/2025/texmf-dist/tex/latex/base/ifthen.sty
Package: ifthen 2024/03/16 v1.1e Standard LaTeX ifthen package (DPC)
)
\@hyxmp@count=\count302
 (d:/download/texlive/2025/texmf-dist/tex/latex/oberdiek/ifdraft.sty
Package: ifdraft 2016/05/16 v1.4 Detect class options draft and final (HO)
) (d:/download/texlive/2025/texmf-dist/tex/generic/iftex/ifluatex.sty
Package: ifluatex 2019/10/25 v1.5 ifluatex legacy package. Use iftex instead.
)) (d:/download/texlive/2025/texmf-dist/tex/latex/graphics/graphicx.sty
Package: graphicx 2021/09/16 v1.2d Enhanced LaTeX Graphics (DPC,SPQR)
 (d:/download/texlive/2025/texmf-dist/tex/latex/graphics/graphics.sty
Package: graphics 2024/08/06 v1.4g Standard LaTeX Graphics (DPC,SPQR)
 (d:/download/texlive/2025/texmf-dist/tex/latex/graphics/trig.sty
Package: trig 2023/12/02 v1.11 sin cos tan (DPC)
) (d:/download/texlive/2025/texmf-dist/tex/latex/graphics-cfg/graphics.cfg
File: graphics.cfg 2016/06/04 v1.11 sample graphics configuration
)
Package graphics Info: Driver file: xetex.def on input line 106.
 (d:/download/texlive/2025/texmf-dist/tex/latex/graphics-def/xetex.def
File: xetex.def 2022/09/22 v5.0n Graphics/color driver for xetex
))
\Gin@req@height=\dimen172
\Gin@req@width=\dimen173
) (d:/download/texlive/2025/texmf-dist/tex/latex/xcolor/xcolor.sty
Package: xcolor 2024/09/29 v3.02 LaTeX color extensions (UK)
 (d:/download/texlive/2025/texmf-dist/tex/latex/graphics-cfg/color.cfg
File: color.cfg 2016/01/02 v1.6 sample color configuration
)
Package xcolor Info: Driver file: xetex.def on input line 274.
 (d:/download/texlive/2025/texmf-dist/tex/latex/graphics/mathcolor.ltx)
Package xcolor Info: Model `cmy' substituted by `cmy0' on input line 1349.
Package xcolor Info: Model `RGB' extended on input line 1365.
Package xcolor Info: Model `HTML' substituted by `rgb' on input line 1367.
Package xcolor Info: Model `Hsb' substituted by `hsb' on input line 1368.
Package xcolor Info: Model `tHsb' substituted by `hsb' on input line 1369.
Package xcolor Info: Model `HSB' substituted by `hsb' on input line 1370.
Package xcolor Info: Model `Gray' substituted by `gray' on input line 1371.
Package xcolor Info: Model `wave' substituted by `hsb' on input line 1372.
) (d:/download/texlive/2025/texmf-dist/tex/latex/geometry/geometry.sty
Package: geometry 2020/01/02 v5.9 Page Geometry
 (d:/download/texlive/2025/texmf-dist/tex/generic/iftex/ifvtex.sty
Package: ifvtex 2019/10/25 v1.7 ifvtex legacy package. Use iftex instead.
)
\Gm@cnth=\count303
\Gm@cntv=\count304
\c@Gm@tempcnt=\count305
\Gm@bindingoffset=\dimen174
\Gm@wd@mp=\dimen175
\Gm@odd@mp=\dimen176
\Gm@even@mp=\dimen177
\Gm@layoutwidth=\dimen178
\Gm@layoutheight=\dimen179
\Gm@layouthoffset=\dimen180
\Gm@layoutvoffset=\dimen181
\Gm@dimlist=\toks33
) (d:/download/texlive/2025/texmf-dist/tex/latex/ncctools/manyfoot.sty
Package: manyfoot 2019/08/03 v1.11 Many Footnote Levels Package (NCC)
 (d:/download/texlive/2025/texmf-dist/tex/latex/ncctools/nccfoots.sty
Package: nccfoots 2005/02/03 v1.2 NCC Footnotes Package (NCC)
)
\MFL@columnwidth=\dimen182
)
\footinsauthorsaddresses=\insert251
\c@footnoteauthorsaddresses=\count306
\footinscopyrightpermission=\insert250
\c@footnotecopyrightpermission=\count307
 (d:/download/texlive/2025/texmf-dist/tex/latex/unicode-math/unicode-math.sty (d:/download/texlive/2025/texmf-dist/tex/latex/l3kernel/expl3.sty
Package: expl3 2025-01-18 L3 programming layer (loader) 
 (d:/download/texlive/2025/texmf-dist/tex/latex/l3backend/l3backend-xetex.def
File: l3backend-xetex.def 2024-05-08 L3 backend support: XeTeX
\g__graphics_track_int=\count308
\l__pdf_internal_box=\box57
\g__pdf_backend_annotation_int=\count309
\g__pdf_backend_link_int=\count310
))
Package: unicode-math 2023/08/13 v0.8r Unicode maths in XeLaTeX and LuaLaTeX
 (d:/download/texlive/2025/texmf-dist/tex/latex/unicode-math/unicode-math-xetex.sty
Package: unicode-math-xetex 2023/08/13 v0.8r Unicode maths in XeLaTeX and LuaLaTeX
 (d:/download/texlive/2025/texmf-dist/tex/latex/l3packages/xparse/xparse.sty
Package: xparse 2024-08-16 L3 Experimental document command parser
) (d:/download/texlive/2025/texmf-dist/tex/latex/l3packages/l3keys2e/l3keys2e.sty
Package: l3keys2e 2024-08-16 LaTeX2e option processing using LaTeX3 keys
) (d:/download/texlive/2025/texmf-dist/tex/latex/fontspec/fontspec.sty
Package: fontspec 2024/05/11 v2.9e Font selection for XeLaTeX and LuaLaTeX
 (d:/download/texlive/2025/texmf-dist/tex/latex/fontspec/fontspec-xetex.sty
Package: fontspec-xetex 2024/05/11 v2.9e Font selection for XeLaTeX and LuaLaTeX
\l__fontspec_script_int=\count311
\l__fontspec_language_int=\count312
\l__fontspec_strnum_int=\count313
\l__fontspec_tmp_int=\count314
\l__fontspec_tmpa_int=\count315
\l__fontspec_tmpb_int=\count316
\l__fontspec_tmpc_int=\count317
\l__fontspec_em_int=\count318
\l__fontspec_emdef_int=\count319
\l__fontspec_strong_int=\count320
\l__fontspec_strongdef_int=\count321
\l__fontspec_tmpa_dim=\dimen183
\l__fontspec_tmpb_dim=\dimen184
\l__fontspec_tmpc_dim=\dimen185
 (d:/download/texlive/2025/texmf-dist/tex/latex/base/fontenc.sty
Package: fontenc 2021/04/29 v2.0v Standard LaTeX package
) (d:/download/texlive/2025/texmf-dist/tex/latex/fontspec/fontspec.cfg))) (d:/download/texlive/2025/texmf-dist/tex/latex/base/fix-cm.sty
Package: fix-cm 2020/11/24 v1.1t fixes to LaTeX
 (d:/download/texlive/2025/texmf-dist/tex/latex/base/ts1enc.def
File: ts1enc.def 2001/06/05 v3.0e (jk/car/fm) Standard LaTeX file
LaTeX Font Info:    Redeclaring font encoding TS1 on input line 47.
))
\g__um_fam_int=\count322
\g__um_fonts_used_int=\count323
\l__um_primecount_int=\count324
\g__um_primekern_muskip=\muskip19
 (d:/download/texlive/2025/texmf-dist/tex/latex/unicode-math/unicode-math-table.tex)))

Package fontspec Info: 
(fontspec)             libertinusmath-regular scale = 1.037989621392094.


Package fontspec Info: 
(fontspec)             libertinusmath-regular scale = 1.037989621392094.


Package fontspec Info: 
(fontspec)             Font family 'libertinusmath-regular.otf(0)' created for
(fontspec)             font 'libertinusmath-regular.otf' with options
(fontspec)             [BoldItalicFont={},ItalicFont={},SmallCapsFont={},Script=Math,Scale={MatchUppercase}].
(fontspec)              
(fontspec)              This font family consists of the following NFSS
(fontspec)             series/shapes:
(fontspec)              
(fontspec)             - 'normal' (m/n) with NFSS spec.:
(fontspec)             <->s*[1.037989621392094]"[libertinusmath-regular.otf]/OT:script=math;language=dflt;"

LaTeX Font Info:    Font shape `TU/libertinusmath-regular.otf(0)/m/n' will be
(Font)              scaled to size 9.34195pt on input line 868.

Package fontspec Info: 
(fontspec)             libertinusmath-regular scale = 1.037989621392094.


Package fontspec Info: 
(fontspec)             libertinusmath-regular scale = 1.037989621392094.


Package fontspec Info: 
(fontspec)             libertinusmath-regular scale = 1.037989621392094.


Package fontspec Info: 
(fontspec)             libertinusmath-regular scale = 1.037989621392094.


Package fontspec Info: 
(fontspec)             Font family 'libertinusmath-regular.otf(1)' created for
(fontspec)             font 'libertinusmath-regular.otf' with options
(fontspec)             [BoldItalicFont={},ItalicFont={},SmallCapsFont={},Script=Math,SizeFeatures={{Size=8.1-},{Size=6.3-8.1,Font=libertinusmath-regular.otf,Style=MathScript},{Size=-6.3,Font=libertinusmath-regular.otf,Style=MathScriptScript}},Scale={MatchUppercase}].
(fontspec)              
(fontspec)              This font family consists of the following NFSS
(fontspec)             series/shapes:
(fontspec)              
(fontspec)             - 'normal' (m/n) with NFSS spec.:
(fontspec)             <8.1->s*[1.037989621392094]"[libertinusmath-regular.otf]/OT:script=math;language=dflt;"<6.3-8.1>s*[1.037989621392094]"[libertinusmath-regular.otf]/OT:script=math;language=dflt;+ssty=0;"<-6.3>s*[1.037989621392094]"[libertinusmath-regular.otf]/OT:script=math;language=dflt;+ssty=1;"

LaTeX Font Info:    Font shape `TU/libertinusmath-regular.otf(1)/m/n' will be
(Font)              scaled to size 9.34195pt on input line 868.
LaTeX Font Info:    Encoding `OT1' has changed to `TU' for symbol font
(Font)              `operators' in the math version `normal' on input line 868.
LaTeX Font Info:    Overwriting symbol font `operators' in version `normal'
(Font)                  OT1/cmr/m/n --> TU/libertinusmath-regular.otf(1)/m/n on input line 868.
LaTeX Font Info:    Encoding `OT1' has changed to `TU' for symbol font
(Font)              `operators' in the math version `bold' on input line 868.
LaTeX Font Info:    Overwriting symbol font `operators' in version `bold'
(Font)                  OT1/cmr/bx/n --> TU/libertinusmath-regular.otf(1)/b/n on input line 868.

Package fontspec Info: 
(fontspec)             libertinusmath-regular scale = 1.037989621392094.


Package fontspec Info: 
(fontspec)             libertinusmath-regular scale = 1.038093420354233.


Package fontspec Info: 
(fontspec)             libertinusmath-regular scale = 1.037989621392094.


Package fontspec Info: 
(fontspec)             libertinusmath-regular scale = 1.038093420354233.


Package fontspec Info: 
(fontspec)             libertinusmath-regular scale = 1.037989621392094.


Package fontspec Info: 
(fontspec)             libertinusmath-regular scale = 1.038093420354233.


Package fontspec Info: 
(fontspec)             libertinusmath-regular scale = 1.037989621392094.


Package fontspec Info: 
(fontspec)             libertinusmath-regular scale = 1.038093420354233.


Package fontspec Info: 
(fontspec)             Font family 'libertinusmath-regular.otf(2)' created for
(fontspec)             font 'libertinusmath-regular.otf' with options
(fontspec)             [BoldItalicFont={},ItalicFont={},SmallCapsFont={},Script=Math,SizeFeatures={{Size=8.1-},{Size=6.3-8.1,Font=libertinusmath-regular.otf,Style=MathScript},{Size=-6.3,Font=libertinusmath-regular.otf,Style=MathScriptScript}},Scale={MatchUppercase},ScaleAgain=1.0001,FontAdjustment={\fontdimen
(fontspec)             8\font =5.41833pt\relax \fontdimen 9\font
(fontspec)             =4.48413pt\relax \fontdimen 10\font =4.39072pt\relax
(fontspec)             \fontdimen 11\font =6.53937pt\relax \fontdimen 12\font
(fontspec)             =4.48413pt\relax \fontdimen 13\font =3.50323pt\relax
(fontspec)             \fontdimen 14\font =3.50323pt\relax \fontdimen 15\font
(fontspec)             =2.89601pt\relax \fontdimen 16\font =1.9618pt\relax
(fontspec)             \fontdimen 17\font =1.9618pt\relax \fontdimen 18\font
(fontspec)             =2.14865pt\relax \fontdimen 19\font =0.4204pt\relax
(fontspec)             \fontdimen 22\font =2.42891pt\relax \fontdimen 20\font
(fontspec)             =0pt\relax \fontdimen 21\font =0pt\relax }].
(fontspec)              
(fontspec)              This font family consists of the following NFSS
(fontspec)             series/shapes:
(fontspec)              
(fontspec)             - 'normal' (m/n) with NFSS spec.:
(fontspec)             <8.1->s*[1.038093420354233]"[libertinusmath-regular.otf]/OT:script=math;language=dflt;"<6.3-8.1>s*[1.038093420354233]"[libertinusmath-regular.otf]/OT:script=math;language=dflt;+ssty=0;"<-6.3>s*[1.038093420354233]"[libertinusmath-regular.otf]/OT:script=math;language=dflt;+ssty=1;"

LaTeX Font Info:    Encoding `OMS' has changed to `TU' for symbol font
(Font)              `symbols' in the math version `normal' on input line 868.
LaTeX Font Info:    Overwriting symbol font `symbols' in version `normal'
(Font)                  OMS/cmsy/m/n --> TU/libertinusmath-regular.otf(2)/m/n on input line 868.
LaTeX Font Info:    Encoding `OMS' has changed to `TU' for symbol font
(Font)              `symbols' in the math version `bold' on input line 868.
LaTeX Font Info:    Overwriting symbol font `symbols' in version `bold'
(Font)                  OMS/cmsy/b/n --> TU/libertinusmath-regular.otf(2)/b/n on input line 868.

Package fontspec Info: 
(fontspec)             libertinusmath-regular scale = 1.037989621392094.


Package fontspec Info: 
(fontspec)             libertinusmath-regular scale = 1.037885822429955.


Package fontspec Info: 
(fontspec)             libertinusmath-regular scale = 1.037989621392094.


Package fontspec Info: 
(fontspec)             libertinusmath-regular scale = 1.037885822429955.


Package fontspec Info: 
(fontspec)             libertinusmath-regular scale = 1.037989621392094.


Package fontspec Info: 
(fontspec)             libertinusmath-regular scale = 1.037885822429955.


Package fontspec Info: 
(fontspec)             libertinusmath-regular scale = 1.037989621392094.


Package fontspec Info: 
(fontspec)             libertinusmath-regular scale = 1.037885822429955.


Package fontspec Info: 
(fontspec)             Font family 'libertinusmath-regular.otf(3)' created for
(fontspec)             font 'libertinusmath-regular.otf' with options
(fontspec)             [BoldItalicFont={},ItalicFont={},SmallCapsFont={},Script=Math,SizeFeatures={{Size=8.1-},{Size=6.3-8.1,Font=libertinusmath-regular.otf,Style=MathScript},{Size=-6.3,Font=libertinusmath-regular.otf,Style=MathScriptScript}},Scale={MatchUppercase},ScaleAgain=0.9999,FontAdjustment={\fontdimen
(fontspec)             8\font =0.60722pt\relax \fontdimen 9\font
(fontspec)             =1.40129pt\relax \fontdimen 10\font =1.40129pt\relax
(fontspec)             \fontdimen 11\font =2.3355pt\relax \fontdimen 12\font
(fontspec)             =5.792pt\relax \fontdimen 13\font =0pt\relax }].
(fontspec)              
(fontspec)              This font family consists of the following NFSS
(fontspec)             series/shapes:
(fontspec)              
(fontspec)             - 'normal' (m/n) with NFSS spec.:
(fontspec)             <8.1->s*[1.037885822429955]"[libertinusmath-regular.otf]/OT:script=math;language=dflt;"<6.3-8.1>s*[1.037885822429955]"[libertinusmath-regular.otf]/OT:script=math;language=dflt;+ssty=0;"<-6.3>s*[1.037885822429955]"[libertinusmath-regular.otf]/OT:script=math;language=dflt;+ssty=1;"

LaTeX Font Info:    Encoding `OMX' has changed to `TU' for symbol font
(Font)              `largesymbols' in the math version `normal' on input line 868.
LaTeX Font Info:    Overwriting symbol font `largesymbols' in version `normal'
(Font)                  OMX/cmex/m/n --> TU/libertinusmath-regular.otf(3)/m/n on input line 868.
LaTeX Font Info:    Encoding `OMX' has changed to `TU' for symbol font
(Font)              `largesymbols' in the math version `bold' on input line 868.
LaTeX Font Info:    Overwriting symbol font `largesymbols' in version `bold'
(Font)                  OMX/cmex/m/n --> TU/libertinusmath-regular.otf(3)/b/n on input line 868.
 (d:/download/texlive/2025/texmf-dist/tex/latex/libertine/libertine.sty
Package: libertine 2024/04/23 (Bob Tennent) Supports Libertine and Biolinum fonts for all LaTeX engines.
 (d:/download/texlive/2025/texmf-dist/tex/generic/iftex/ifxetex.sty
Package: ifxetex 2019/10/25 v0.7 ifxetex legacy package. Use iftex instead.
) (d:/download/texlive/2025/texmf-dist/tex/latex/base/textcomp.sty
Package: textcomp 2024/04/24 v2.1b Standard LaTeX package
)

Package fontspec Info: 
(fontspec)             LinLibertine_R scale = 1.


Package fontspec Info: 
(fontspec)             LinLibertine_R scale = 1.


Package fontspec Info: 
(fontspec)             LinLibertine_R scale = 1.


Package fontspec Info: 
(fontspec)             LinLibertine_RB scale = 1.


Package fontspec Info: 
(fontspec)             LinLibertine_RB scale = 1.


Package fontspec Info: 
(fontspec)             LinLibertine_RI scale = 1.


Package fontspec Info: 
(fontspec)             LinLibertine_RI scale = 1.


Package fontspec Info: 
(fontspec)             LinLibertine_RBI scale = 1.


Package fontspec Info: 
(fontspec)             LinLibertine_RBI scale = 1.


Package fontspec Info: 
(fontspec)             Font family 'LinLibertine(0)' created for font
(fontspec)             'LinLibertine' with options [Ligatures = TeX,Extension
(fontspec)             =
(fontspec)             .otf,SmallCapsFeatures={Letters=SmallCaps},Ligatures=TeX,Numbers
(fontspec)             = {Monospaced,Lining},Scale = 1,UprightFont =
(fontspec)             *_R,ItalicFont = *_RI,BoldFont = *_RB,BoldItalicFont =
(fontspec)             *_RBI].
(fontspec)              
(fontspec)              This font family consists of the following NFSS
(fontspec)             series/shapes:
(fontspec)              
(fontspec)             - 'normal' (m/n) with NFSS spec.:
(fontspec)             <->s*[1]"[LinLibertine_R.otf]/OT:script=latn;language=dflt;+tnum;+lnum;mapping=tex-text;"
(fontspec)             - 'small caps'  (m/sc) with NFSS spec.:
(fontspec)             <->s*[1]"[LinLibertine_R.otf]/OT:script=latn;language=dflt;+tnum;+lnum;+smcp;mapping=tex-text;"
(fontspec)             - 'bold' (b/n) with NFSS spec.:
(fontspec)             <->s*[1]"[LinLibertine_RB.otf]/OT:script=latn;language=dflt;+tnum;+lnum;mapping=tex-text;"
(fontspec)             - 'bold small caps'  (b/sc) with NFSS spec.:
(fontspec)             <->s*[1]"[LinLibertine_RB.otf]/OT:script=latn;language=dflt;+tnum;+lnum;+smcp;mapping=tex-text;"
(fontspec)             - 'italic' (m/it) with NFSS spec.:
(fontspec)             <->s*[1]"[LinLibertine_RI.otf]/OT:script=latn;language=dflt;+tnum;+lnum;mapping=tex-text;"
(fontspec)             - 'italic small caps'  (m/scit) with NFSS spec.:
(fontspec)             <->s*[1]"[LinLibertine_RI.otf]/OT:script=latn;language=dflt;+tnum;+lnum;+smcp;mapping=tex-text;"
(fontspec)             - 'bold italic' (b/it) with NFSS spec.:
(fontspec)             <->s*[1]"[LinLibertine_RBI.otf]/OT:script=latn;language=dflt;+tnum;+lnum;mapping=tex-text;"
(fontspec)             - 'bold italic small caps'  (b/scit) with NFSS spec.:
(fontspec)             <->s*[1]"[LinLibertine_RBI.otf]/OT:script=latn;language=dflt;+tnum;+lnum;+smcp;mapping=tex-text;"


Package fontspec Info: 
(fontspec)             LinLibertine_R scale = 1.


Package fontspec Info: 
(fontspec)             LinLibertine_R scale = 1.


Package fontspec Info: 
(fontspec)             LinLibertine_R scale = 1.


Package fontspec Info: 
(fontspec)             LinLibertine_RB scale = 1.


Package fontspec Info: 
(fontspec)             LinLibertine_RB scale = 1.


Package fontspec Info: 
(fontspec)             LinLibertine_RI scale = 1.


Package fontspec Info: 
(fontspec)             LinLibertine_RI scale = 1.


Package fontspec Info: 
(fontspec)             LinLibertine_RBI scale = 1.


Package fontspec Info: 
(fontspec)             LinLibertine_RBI scale = 1.


Package fontspec Info: 
(fontspec)             Font family 'LinLibertine(1)' created for font
(fontspec)             'LinLibertine' with options [Ligatures = TeX,Extension
(fontspec)             = .otf,SmallCapsFeatures={Letters=SmallCaps},Numbers =
(fontspec)             {Monospaced,Lining},Scale = 1,UprightFont =
(fontspec)             *_R,ItalicFont = *_RI,BoldFont = *_RB,BoldItalicFont =
(fontspec)             *_RBI].
(fontspec)              
(fontspec)              This font family consists of the following NFSS
(fontspec)             series/shapes:
(fontspec)              
(fontspec)             - 'normal' (m/n) with NFSS spec.:
(fontspec)             <->s*[1]"[LinLibertine_R.otf]/OT:script=latn;language=dflt;+tnum;+lnum;mapping=tex-text;"
(fontspec)             - 'small caps'  (m/sc) with NFSS spec.:
(fontspec)             <->s*[1]"[LinLibertine_R.otf]/OT:script=latn;language=dflt;+tnum;+lnum;+smcp;mapping=tex-text;"
(fontspec)             - 'bold' (b/n) with NFSS spec.:
(fontspec)             <->s*[1]"[LinLibertine_RB.otf]/OT:script=latn;language=dflt;+tnum;+lnum;mapping=tex-text;"
(fontspec)             - 'bold small caps'  (b/sc) with NFSS spec.:
(fontspec)             <->s*[1]"[LinLibertine_RB.otf]/OT:script=latn;language=dflt;+tnum;+lnum;+smcp;mapping=tex-text;"
(fontspec)             - 'italic' (m/it) with NFSS spec.:
(fontspec)             <->s*[1]"[LinLibertine_RI.otf]/OT:script=latn;language=dflt;+tnum;+lnum;mapping=tex-text;"
(fontspec)             - 'italic small caps'  (m/scit) with NFSS spec.:
(fontspec)             <->s*[1]"[LinLibertine_RI.otf]/OT:script=latn;language=dflt;+tnum;+lnum;+smcp;mapping=tex-text;"
(fontspec)             - 'bold italic' (b/it) with NFSS spec.:
(fontspec)             <->s*[1]"[LinLibertine_RBI.otf]/OT:script=latn;language=dflt;+tnum;+lnum;mapping=tex-text;"
(fontspec)             - 'bold italic small caps'  (b/scit) with NFSS spec.:
(fontspec)             <->s*[1]"[LinLibertine_RBI.otf]/OT:script=latn;language=dflt;+tnum;+lnum;+smcp;mapping=tex-text;"

LaTeX Font Info:    Overwriting math alphabet `\mathrm' in version `normal'
(Font)                  TU/libertinusmath-regular.otf(1)/m/n --> TU/LinLibertine(1)/m/n on input line 307.
LaTeX Font Info:    Overwriting math alphabet `\mathit' in version `normal'
(Font)                  OT1/cmr/m/it --> TU/LinLibertine(1)/m/it on input line 307.
LaTeX Font Info:    Overwriting math alphabet `\mathbf' in version `normal'
(Font)                  OT1/cmr/bx/n --> TU/LinLibertine(1)/b/n on input line 307.
LaTeX Font Info:    Font shape `TU/LinLibertine(0)/m/n' will be
(Font)              scaled to size 9.0pt on input line 307.

Package fontspec Info: 
(fontspec)             LinBiolinum_R scale = 1.


Package fontspec Info: 
(fontspec)             LinBiolinum_R scale = 1.


Package fontspec Info: 
(fontspec)             LinBiolinum_R scale = 1.


Package fontspec Info: 
(fontspec)             LinBiolinum_RB scale = 1.


Package fontspec Info: 
(fontspec)             LinBiolinum_RB scale = 1.


Package fontspec Info: 
(fontspec)             LinBiolinum_RI scale = 1.


Package fontspec Info: 
(fontspec)             LinBiolinum_RI scale = 1.


Package fontspec Info: 
(fontspec)             LinBiolinum_RBO scale = 1.


Package fontspec Info: 
(fontspec)             LinBiolinum_RBO scale = 1.


Package fontspec Info: 
(fontspec)             Font family 'LinBiolinum(0)' created for font
(fontspec)             'LinBiolinum' with options [Ligatures = TeX,Extension =
(fontspec)             .otf,SmallCapsFeatures={Letters=SmallCaps},Ligatures=TeX,Numbers
(fontspec)             = {Monospaced, Lining},Scale = 1,UprightFont =
(fontspec)             *_R,ItalicFont = *_RI,BoldFont = *_RB,BoldItalicFont =
(fontspec)             *_RBO].
(fontspec)              
(fontspec)              This font family consists of the following NFSS
(fontspec)             series/shapes:
(fontspec)              
(fontspec)             - 'normal' (m/n) with NFSS spec.:
(fontspec)             <->s*[1]"[LinBiolinum_R.otf]/OT:script=latn;language=dflt;+tnum;+lnum;mapping=tex-text;"
(fontspec)             - 'small caps'  (m/sc) with NFSS spec.:
(fontspec)             <->s*[1]"[LinBiolinum_R.otf]/OT:script=latn;language=dflt;+tnum;+lnum;+smcp;mapping=tex-text;"
(fontspec)             - 'bold' (b/n) with NFSS spec.:
(fontspec)             <->s*[1]"[LinBiolinum_RB.otf]/OT:script=latn;language=dflt;+tnum;+lnum;mapping=tex-text;"
(fontspec)             - 'bold small caps'  (b/sc) with NFSS spec.:
(fontspec)             <->s*[1]"[LinBiolinum_RB.otf]/OT:script=latn;language=dflt;+tnum;+lnum;+smcp;mapping=tex-text;"
(fontspec)             - 'italic' (m/it) with NFSS spec.:
(fontspec)             <->s*[1]"[LinBiolinum_RI.otf]/OT:script=latn;language=dflt;+tnum;+lnum;mapping=tex-text;"
(fontspec)             - 'italic small caps'  (m/scit) with NFSS spec.:
(fontspec)             <->s*[1]"[LinBiolinum_RI.otf]/OT:script=latn;language=dflt;+tnum;+lnum;+smcp;mapping=tex-text;"
(fontspec)             - 'bold italic' (b/it) with NFSS spec.:
(fontspec)             <->s*[1]"[LinBiolinum_RBO.otf]/OT:script=latn;language=dflt;+tnum;+lnum;mapping=tex-text;"
(fontspec)             - 'bold italic small caps'  (b/scit) with NFSS spec.:
(fontspec)             <->s*[1]"[LinBiolinum_RBO.otf]/OT:script=latn;language=dflt;+tnum;+lnum;+smcp;mapping=tex-text;"


Package fontspec Info: 
(fontspec)             LinBiolinum_R scale = 1.


Package fontspec Info: 
(fontspec)             LinBiolinum_R scale = 1.


Package fontspec Info: 
(fontspec)             LinBiolinum_R scale = 1.


Package fontspec Info: 
(fontspec)             LinBiolinum_RB scale = 1.


Package fontspec Info: 
(fontspec)             LinBiolinum_RB scale = 1.


Package fontspec Info: 
(fontspec)             LinBiolinum_RI scale = 1.


Package fontspec Info: 
(fontspec)             LinBiolinum_RI scale = 1.


Package fontspec Info: 
(fontspec)             LinBiolinum_RBO scale = 1.


Package fontspec Info: 
(fontspec)             LinBiolinum_RBO scale = 1.


Package fontspec Info: 
(fontspec)             Font family 'LinBiolinum(1)' created for font
(fontspec)             'LinBiolinum' with options [Ligatures = TeX,Extension =
(fontspec)             .otf,SmallCapsFeatures={Letters=SmallCaps},Numbers =
(fontspec)             {Monospaced, Lining},Scale = 1,UprightFont =
(fontspec)             *_R,ItalicFont = *_RI,BoldFont = *_RB,BoldItalicFont =
(fontspec)             *_RBO].
(fontspec)              
(fontspec)              This font family consists of the following NFSS
(fontspec)             series/shapes:
(fontspec)              
(fontspec)             - 'normal' (m/n) with NFSS spec.:
(fontspec)             <->s*[1]"[LinBiolinum_R.otf]/OT:script=latn;language=dflt;+tnum;+lnum;mapping=tex-text;"
(fontspec)             - 'small caps'  (m/sc) with NFSS spec.:
(fontspec)             <->s*[1]"[LinBiolinum_R.otf]/OT:script=latn;language=dflt;+tnum;+lnum;+smcp;mapping=tex-text;"
(fontspec)             - 'bold' (b/n) with NFSS spec.:
(fontspec)             <->s*[1]"[LinBiolinum_RB.otf]/OT:script=latn;language=dflt;+tnum;+lnum;mapping=tex-text;"
(fontspec)             - 'bold small caps'  (b/sc) with NFSS spec.:
(fontspec)             <->s*[1]"[LinBiolinum_RB.otf]/OT:script=latn;language=dflt;+tnum;+lnum;+smcp;mapping=tex-text;"
(fontspec)             - 'italic' (m/it) with NFSS spec.:
(fontspec)             <->s*[1]"[LinBiolinum_RI.otf]/OT:script=latn;language=dflt;+tnum;+lnum;mapping=tex-text;"
(fontspec)             - 'italic small caps'  (m/scit) with NFSS spec.:
(fontspec)             <->s*[1]"[LinBiolinum_RI.otf]/OT:script=latn;language=dflt;+tnum;+lnum;+smcp;mapping=tex-text;"
(fontspec)             - 'bold italic' (b/it) with NFSS spec.:
(fontspec)             <->s*[1]"[LinBiolinum_RBO.otf]/OT:script=latn;language=dflt;+tnum;+lnum;mapping=tex-text;"
(fontspec)             - 'bold italic small caps'  (b/scit) with NFSS spec.:
(fontspec)             <->s*[1]"[LinBiolinum_RBO.otf]/OT:script=latn;language=dflt;+tnum;+lnum;+smcp;mapping=tex-text;"

LaTeX Font Info:    Overwriting math alphabet `\mathsf' in version `normal'
(Font)                  OT1/cmss/m/n --> TU/LinBiolinum(1)/m/n on input line 318.
LaTeX Font Info:    Overwriting math alphabet `\mathsf' in version `bold'
(Font)                  OT1/cmss/bx/n --> TU/LinBiolinum(1)/b/n on input line 318.

Package fontspec Info: 
(fontspec)             LinLibertine_R scale = 1.


Package fontspec Info: 
(fontspec)             LinLibertine_RZ scale = 1.


Package fontspec Info: 
(fontspec)             LinLibertine_RZ scale = 1.


Package fontspec Info: 
(fontspec)             LinLibertine_RZ scale = 1.


Package fontspec Info: 
(fontspec)             LinLibertine_RB scale = 1.


Package fontspec Info: 
(fontspec)             LinLibertine_RB scale = 1.


Package fontspec Info: 
(fontspec)             LinLibertine_RZI scale = 1.


Package fontspec Info: 
(fontspec)             LinLibertine_RZI scale = 1.


Package fontspec Info: 
(fontspec)             LinLibertine_RBI scale = 1.


Package fontspec Info: 
(fontspec)             LinLibertine_RBI scale = 1.


Package fontspec Info: 
(fontspec)             Font family 'LinLibertine(2)' created for font
(fontspec)             'LinLibertine' with options [Ligatures = TeX,Extension
(fontspec)             = .otf,SmallCapsFeatures={Letters=SmallCaps},Numbers =
(fontspec)             { Monospaced, Lining},Scale = 1,UprightFont =
(fontspec)             *_RZ,ItalicFont = *_RZI,BoldFont = *_RB,BoldItalicFont
(fontspec)             = *_RBI].
(fontspec)              
(fontspec)              This font family consists of the following NFSS
(fontspec)             series/shapes:
(fontspec)              
(fontspec)             - 'normal' (m/n) with NFSS spec.:
(fontspec)             <->s*[1]"[LinLibertine_RZ.otf]/OT:script=latn;language=dflt;+tnum;+lnum;mapping=tex-text;"
(fontspec)             - 'small caps'  (m/sc) with NFSS spec.:
(fontspec)             <->s*[1]"[LinLibertine_RZ.otf]/OT:script=latn;language=dflt;+tnum;+lnum;+smcp;mapping=tex-text;"
(fontspec)             - 'bold' (b/n) with NFSS spec.:
(fontspec)             <->s*[1]"[LinLibertine_RB.otf]/OT:script=latn;language=dflt;+tnum;+lnum;mapping=tex-text;"
(fontspec)             - 'bold small caps'  (b/sc) with NFSS spec.:
(fontspec)             <->s*[1]"[LinLibertine_RB.otf]/OT:script=latn;language=dflt;+tnum;+lnum;+smcp;mapping=tex-text;"
(fontspec)             - 'italic' (m/it) with NFSS spec.:
(fontspec)             <->s*[1]"[LinLibertine_RZI.otf]/OT:script=latn;language=dflt;+tnum;+lnum;mapping=tex-text;"
(fontspec)             - 'italic small caps'  (m/scit) with NFSS spec.:
(fontspec)             <->s*[1]"[LinLibertine_RZI.otf]/OT:script=latn;language=dflt;+tnum;+lnum;+smcp;mapping=tex-text;"
(fontspec)             - 'bold italic' (b/it) with NFSS spec.:
(fontspec)             <->s*[1]"[LinLibertine_RBI.otf]/OT:script=latn;language=dflt;+tnum;+lnum;mapping=tex-text;"
(fontspec)             - 'bold italic small caps'  (b/scit) with NFSS spec.:
(fontspec)             <->s*[1]"[LinLibertine_RBI.otf]/OT:script=latn;language=dflt;+tnum;+lnum;+smcp;mapping=tex-text;"


Package fontspec Info: 
(fontspec)             LinLibertine_R scale = 1.


Package fontspec Info: 
(fontspec)             LinLibertine_R scale = 1.


Package fontspec Info: 
(fontspec)             LinLibertine_R scale = 1.


Package fontspec Info: 
(fontspec)             LinLibertine_RB scale = 1.


Package fontspec Info: 
(fontspec)             LinLibertine_RB scale = 1.


Package fontspec Info: 
(fontspec)             LinLibertine_RI scale = 1.


Package fontspec Info: 
(fontspec)             LinLibertine_RI scale = 1.


Package fontspec Info: 
(fontspec)             LinLibertine_RBI scale = 1.


Package fontspec Info: 
(fontspec)             LinLibertine_RBI scale = 1.


Package fontspec Info: 
(fontspec)             Font family 'LinLibertine(3)' created for font
(fontspec)             'LinLibertine' with options [Ligatures = TeX,Extension
(fontspec)             = .otf,SmallCapsFeatures={Letters=SmallCaps},Numbers =
(fontspec)             {Monospaced,OldStyle},Scale = 1,UprightFont =
(fontspec)             *_R,ItalicFont = *_RI,BoldFont = *_RB,BoldItalicFont =
(fontspec)             *_RBI].
(fontspec)              
(fontspec)              This font family consists of the following NFSS
(fontspec)             series/shapes:
(fontspec)              
(fontspec)             - 'normal' (m/n) with NFSS spec.:
(fontspec)             <->s*[1]"[LinLibertine_R.otf]/OT:script=latn;language=dflt;+tnum;+onum;mapping=tex-text;"
(fontspec)             - 'small caps'  (m/sc) with NFSS spec.:
(fontspec)             <->s*[1]"[LinLibertine_R.otf]/OT:script=latn;language=dflt;+tnum;+onum;+smcp;mapping=tex-text;"
(fontspec)             - 'bold' (b/n) with NFSS spec.:
(fontspec)             <->s*[1]"[LinLibertine_RB.otf]/OT:script=latn;language=dflt;+tnum;+onum;mapping=tex-text;"
(fontspec)             - 'bold small caps'  (b/sc) with NFSS spec.:
(fontspec)             <->s*[1]"[LinLibertine_RB.otf]/OT:script=latn;language=dflt;+tnum;+onum;+smcp;mapping=tex-text;"
(fontspec)             - 'italic' (m/it) with NFSS spec.:
(fontspec)             <->s*[1]"[LinLibertine_RI.otf]/OT:script=latn;language=dflt;+tnum;+onum;mapping=tex-text;"
(fontspec)             - 'italic small caps'  (m/scit) with NFSS spec.:
(fontspec)             <->s*[1]"[LinLibertine_RI.otf]/OT:script=latn;language=dflt;+tnum;+onum;+smcp;mapping=tex-text;"
(fontspec)             - 'bold italic' (b/it) with NFSS spec.:
(fontspec)             <->s*[1]"[LinLibertine_RBI.otf]/OT:script=latn;language=dflt;+tnum;+onum;mapping=tex-text;"
(fontspec)             - 'bold italic small caps'  (b/scit) with NFSS spec.:
(fontspec)             <->s*[1]"[LinLibertine_RBI.otf]/OT:script=latn;language=dflt;+tnum;+onum;+smcp;mapping=tex-text;"


Package fontspec Info: 
(fontspec)             LinLibertine_R scale = 1.


Package fontspec Info: 
(fontspec)             Font family 'LinLibertine(4)' created for font
(fontspec)             'LinLibertine' with options [Ligatures = TeX,Extension
(fontspec)             = .otf,SmallCapsFeatures={Letters=SmallCaps},Numbers =
(fontspec)             {Monospaced,Lining},UprightFont = *_DR,ItalicFont =
(fontspec)             *_RI,BoldFont = *_RB,BoldItalicFont = *_RBI].
(fontspec)              
(fontspec)              This font family consists of the following NFSS
(fontspec)             series/shapes:
(fontspec)              
(fontspec)             - 'normal' (m/n) with NFSS spec.:
(fontspec)             <->"[LinLibertine_DR.otf]/OT:script=latn;language=dflt;+tnum;+lnum;mapping=tex-text;"
(fontspec)             - 'bold' (b/n) with NFSS spec.:
(fontspec)             <->"[LinLibertine_RB.otf]/OT:script=latn;language=dflt;+tnum;+lnum;mapping=tex-text;"
(fontspec)             - 'bold small caps'  (b/sc) with NFSS spec.:
(fontspec)             <->"[LinLibertine_RB.otf]/OT:script=latn;language=dflt;+tnum;+lnum;+smcp;mapping=tex-text;"
(fontspec)             - 'italic' (m/it) with NFSS spec.:
(fontspec)             <->"[LinLibertine_RI.otf]/OT:script=latn;language=dflt;+tnum;+lnum;mapping=tex-text;"
(fontspec)             - 'italic small caps'  (m/scit) with NFSS spec.:
(fontspec)             <->"[LinLibertine_RI.otf]/OT:script=latn;language=dflt;+tnum;+lnum;+smcp;mapping=tex-text;"
(fontspec)             - 'bold italic' (b/it) with NFSS spec.:
(fontspec)             <->"[LinLibertine_RBI.otf]/OT:script=latn;language=dflt;+tnum;+lnum;mapping=tex-text;"
(fontspec)             - 'bold italic small caps'  (b/scit) with NFSS spec.:
(fontspec)             <->"[LinLibertine_RBI.otf]/OT:script=latn;language=dflt;+tnum;+lnum;+smcp;mapping=tex-text;"


Package fontspec Info: 
(fontspec)             LinBiolinum_R scale = 1.


Package fontspec Info: 
(fontspec)             LinBiolinum_R scale = 1.


Package fontspec Info: 
(fontspec)             LinBiolinum_R scale = 1.


Package fontspec Info: 
(fontspec)             LinBiolinum_R scale = 1.


Package fontspec Info: 
(fontspec)             LinBiolinum_RB scale = 1.


Package fontspec Info: 
(fontspec)             LinBiolinum_RB scale = 1.


Package fontspec Info: 
(fontspec)             LinBiolinum_RI scale = 1.


Package fontspec Info: 
(fontspec)             LinBiolinum_RI scale = 1.


Package fontspec Info: 
(fontspec)             LinBiolinum_RBO scale = 1.


Package fontspec Info: 
(fontspec)             LinBiolinum_RBO scale = 1.


Package fontspec Info: 
(fontspec)             Font family 'LinBiolinum(2)' created for font
(fontspec)             'LinBiolinum' with options [Ligatures = TeX,Extension =
(fontspec)             .otf,SmallCapsFeatures={Letters=SmallCaps},Numbers =
(fontspec)             {Monospaced, OldStyle},Scale = 1,UprightFont =
(fontspec)             *_R,ItalicFont = *_RI,BoldFont = *_RB,BoldItalicFont =
(fontspec)             *_RBO].
(fontspec)              
(fontspec)              This font family consists of the following NFSS
(fontspec)             series/shapes:
(fontspec)              
(fontspec)             - 'normal' (m/n) with NFSS spec.:
(fontspec)             <->s*[1]"[LinBiolinum_R.otf]/OT:script=latn;language=dflt;+tnum;+onum;mapping=tex-text;"
(fontspec)             - 'small caps'  (m/sc) with NFSS spec.:
(fontspec)             <->s*[1]"[LinBiolinum_R.otf]/OT:script=latn;language=dflt;+tnum;+onum;+smcp;mapping=tex-text;"
(fontspec)             - 'bold' (b/n) with NFSS spec.:
(fontspec)             <->s*[1]"[LinBiolinum_RB.otf]/OT:script=latn;language=dflt;+tnum;+onum;mapping=tex-text;"
(fontspec)             - 'bold small caps'  (b/sc) with NFSS spec.:
(fontspec)             <->s*[1]"[LinBiolinum_RB.otf]/OT:script=latn;language=dflt;+tnum;+onum;+smcp;mapping=tex-text;"
(fontspec)             - 'italic' (m/it) with NFSS spec.:
(fontspec)             <->s*[1]"[LinBiolinum_RI.otf]/OT:script=latn;language=dflt;+tnum;+onum;mapping=tex-text;"
(fontspec)             - 'italic small caps'  (m/scit) with NFSS spec.:
(fontspec)             <->s*[1]"[LinBiolinum_RI.otf]/OT:script=latn;language=dflt;+tnum;+onum;+smcp;mapping=tex-text;"
(fontspec)             - 'bold italic' (b/it) with NFSS spec.:
(fontspec)             <->s*[1]"[LinBiolinum_RBO.otf]/OT:script=latn;language=dflt;+tnum;+onum;mapping=tex-text;"
(fontspec)             - 'bold italic small caps'  (b/scit) with NFSS spec.:
(fontspec)             <->s*[1]"[LinBiolinum_RBO.otf]/OT:script=latn;language=dflt;+tnum;+onum;+smcp;mapping=tex-text;"


Package fontspec Info: 
(fontspec)             LinBiolinum_R scale = 1.


Package fontspec Info: 
(fontspec)             LinLibertine_M scale = 1.


Package fontspec Info: 
(fontspec)             LinLibertine_M scale = 1.


Package fontspec Info: 
(fontspec)             LinLibertine_MB scale = 1.


Package fontspec Info: 
(fontspec)             LinLibertine_MO scale = 1.


Package fontspec Info: 
(fontspec)             LinLibertine_MBO scale = 1.


Package fontspec Info: 
(fontspec)             Font family 'LinLibertine(5)' created for font
(fontspec)             'LinLibertine' with options [Extension =
(fontspec)             .otf,HyphenChar=None,Scale = 1,UprightFont =
(fontspec)             *_M,ItalicFont = *_MO,BoldFont = *_MB,BoldItalicFont =
(fontspec)             *_MBO].
(fontspec)              
(fontspec)              This font family consists of the following NFSS
(fontspec)             series/shapes:
(fontspec)              
(fontspec)             - 'normal' (m/n) with NFSS spec.:
(fontspec)             <->s*[1]"[LinLibertine_M.otf]/OT:script=latn;language=dflt;"
(fontspec)             - 'bold' (b/n) with NFSS spec.:
(fontspec)             <->s*[1]"[LinLibertine_MB.otf]/OT:script=latn;language=dflt;"
(fontspec)             - 'italic' (m/it) with NFSS spec.:
(fontspec)             <->s*[1]"[LinLibertine_MO.otf]/OT:script=latn;language=dflt;"
(fontspec)             - 'bold italic' (b/it) with NFSS spec.:
(fontspec)             <->s*[1]"[LinLibertine_MBO.otf]/OT:script=latn;language=dflt;"


Package fontspec Info: 
(fontspec)             Font family 'LinBiolinum_K(0)' created for font
(fontspec)             'LinBiolinum_K' with options [Extension =
(fontspec)             .otf,HyphenChar=None,BoldFont={},ItalicFont={},SmallCapsFont={}].
(fontspec)              
(fontspec)              This font family consists of the following NFSS
(fontspec)             series/shapes:
(fontspec)              
(fontspec)             - 'normal' (m/n) with NFSS spec.:
(fontspec)             <->"[LinBiolinum_K.otf]/OT:script=latn;language=dflt;"


Package fontspec Info: 
(fontspec)             Font family 'LinLibertine_I(0)' created for font
(fontspec)             'LinLibertine_I' with options [Extension =
(fontspec)             .otf,HyphenChar=None,BoldFont={},ItalicFont={},SmallCapsFont={}].
(fontspec)              
(fontspec)              This font family consists of the following NFSS
(fontspec)             series/shapes:
(fontspec)              
(fontspec)             - 'normal' (m/n) with NFSS spec.:
(fontspec)             <->"[LinLibertine_I.otf]/OT:script=latn;language=dflt;"

LaTeX Info: Redefining \oldstylenums on input line 475.
LaTeX Info: Redefining \liningnums on input line 476.
 (d:/download/texlive/2025/texmf-dist/tex/latex/libertine/LinLibertine_R.tex) (d:/download/texlive/2025/texmf-dist/tex/latex/libertine/LinBiolinum_R.tex) (d:/download/texlive/2025/texmf-dist/tex/latex/libertine/LinBiolinum_K.tex) (d:/download/texlive/2025/texmf-dist/tex/latex/libertine/LinLibertine_I.tex) (d:/download/texlive/2025/texmf-dist/tex/latex/libertine/LKey.tex)
LaTeX Info: Redefining \textsup on input line 552.
) (d:/download/texlive/2025/texmf-dist/tex/latex/inconsolata/inconsolata.fontspec)

Package fontspec Info: 
(fontspec)             Font family 'inconsolata(0)' created for font
(fontspec)             'inconsolata' with options
(fontspec)             [WordSpace={1,0,0},HyphenChar=None,PunctuationSpace=WordSpace,Extension
(fontspec)             = .otf,UprightFont = Inconsolatazi4-Regular,BoldFont =
(fontspec)             Inconsolatazi4-Bold,StylisticSet=3].
(fontspec)              
(fontspec)              This font family consists of the following NFSS
(fontspec)             series/shapes:
(fontspec)              
(fontspec)             - 'normal' (m/n) with NFSS spec.:
(fontspec)             <->"[Inconsolatazi4-Regular.otf]/OT:script=latn;language=dflt;+ss03;"
(fontspec)             - 'bold' (b/n) with NFSS spec.:
(fontspec)             <->"[Inconsolatazi4-Bold.otf]/OT:script=latn;language=dflt;+ss03;"


Package fontspec Info: 
(fontspec)             Font family 'inconsolata(1)' created for font
(fontspec)             'inconsolata' with options [Extension =
(fontspec)             .otf,UprightFont = Inconsolatazi4-Regular,BoldFont =
(fontspec)             Inconsolatazi4-Bold,StylisticSet=3].
(fontspec)              
(fontspec)              This font family consists of the following NFSS
(fontspec)             series/shapes:
(fontspec)              
(fontspec)             - 'normal' (m/n) with NFSS spec.:
(fontspec)             <->"[Inconsolatazi4-Regular.otf]/OT:script=latn;language=dflt;+ss03;"
(fontspec)             - 'bold' (b/n) with NFSS spec.:
(fontspec)             <->"[Inconsolatazi4-Bold.otf]/OT:script=latn;language=dflt;+ss03;"

LaTeX Font Info:    Overwriting math alphabet `\mathtt' in version `normal'
(Font)                  OT1/cmtt/m/n --> TU/inconsolata(1)/m/n on input line 870.
LaTeX Font Info:    Overwriting math alphabet `\mathtt' in version `bold'
(Font)                  OT1/cmtt/m/n --> TU/inconsolata(1)/b/n on input line 870.
 (d:/download/texlive/2025/texmf-dist/tex/latex/caption/caption.sty
Package: caption 2023/08/05 v3.6o Customizing captions (AR)
 (d:/download/texlive/2025/texmf-dist/tex/latex/caption/caption3.sty
Package: caption3 2023/07/31 v2.4d caption3 kernel (AR)
\caption@tempdima=\dimen186
\captionmargin=\dimen187
\caption@leftmargin=\dimen188
\caption@rightmargin=\dimen189
\caption@width=\dimen190
\caption@indent=\dimen191
\caption@parindent=\dimen192
\caption@hangindent=\dimen193
Package caption Info: AMS or SMF document class detected.
 (d:/download/texlive/2025/texmf-dist/tex/latex/caption/caption-ams-smf.sto
File: caption-ams-smf.sto 2020/08/22 v2.0 Adaption of the caption package to the AMS and SMF document classes (AR)
))
\c@caption@flags=\count325
\c@continuedfloat=\count326
Package caption Info: hyperref package is loaded.
) (d:/download/texlive/2025/texmf-dist/tex/latex/float/float.sty
Package: float 2001/11/08 v1.3d Float enhancements (AL)
\c@float@type=\count327
\float@exts=\toks34
\float@box=\box58
\@float@everytoks=\toks35
\@floatcapt=\box59
)
\@float@every@sidebar=\toks36
\c@sidebar=\count328
\fulltextwidth=\dimen194
\@ACM@labelwidth=\dimen195
\listisep=\skip63
\num@authorgroups=\count329
\num@authors=\count330
\@ACM@badge@width=\skip64
\@ACM@title@width=\skip65
\@ACM@badge@skip=\skip66
Class acmart Info: Printing CCS on input line 1806.
Class acmart Info: Printing bibformat on input line 1806.
Class acmart Info: Printing folios on input line 1808.
Class acmart Info: Setting authorsperrow to 0 on input line 1816.
 (d:/download/texlive/2025/texmf-dist/tex/latex/comment/comment.sty
\CommentStream=\write3
 Excluding comment 'comment') Excluding comment 'CCSXML'
\c@@concepts=\count331
\mktitle@bx=\box60
\@ACM@acmcpbox=\box61
\@ACM@commabox=\box62
\author@bx=\box63
\author@bx@wd=\dimen196
\author@bx@sep=\skip67
 (d:/download/texlive/2025/texmf-dist/tex/latex/fancyhdr/fancyhdr.sty
Package: fancyhdr 2025/02/07 v5.2 Extensive control of page headers and footers
\f@nch@headwidth=\skip68
\f@nch@offset@elh=\skip69
\f@nch@offset@erh=\skip70
\f@nch@offset@olh=\skip71
\f@nch@offset@orh=\skip72
\f@nch@offset@elf=\skip73
\f@nch@offset@erf=\skip74
\f@nch@offset@olf=\skip75
\f@nch@offset@orf=\skip76
\f@nch@height=\skip77
\f@nch@footalignment=\skip78
\f@nch@widthL=\skip79
\f@nch@widthC=\skip80
\f@nch@widthR=\skip81
\@temptokenb=\toks37
)
\ACM@linecount@bx=\box64
\ACM@linecount@bxht=\skip82
\ACM@linecount=\count332
 Special comment 'acks') (d:/download/texlive/2025/texmf-dist/tex/latex/tools/indentfirst.sty
Package: indentfirst 2023/07/02 v1.03 Indent first paragraph (DPC)
)
Package hyperref Info: Option `colorlinks' set `true' on input line 112.
Package hyperref Info: Option `pdfdisplaydoctitle' set `true' on input line 112.
\c@theorem=\count333
 Include comment 'screenonly' Excluding comment 'printonly' Include comment 'anonsuppress'
No file sample-manuscript.aux.
\openout1 = `sample-manuscript.aux'.

LaTeX Font Info:    Checking defaults for OML/cmm/m/it on input line 112.
LaTeX Font Info:    ... okay on input line 112.
LaTeX Font Info:    Checking defaults for OMS/cmsy/m/n on input line 112.
LaTeX Font Info:    ... okay on input line 112.
LaTeX Font Info:    Checking defaults for OT1/cmr/m/n on input line 112.
LaTeX Font Info:    ... okay on input line 112.
LaTeX Font Info:    Checking defaults for T1/cmr/m/n on input line 112.
LaTeX Font Info:    ... okay on input line 112.
LaTeX Font Info:    Checking defaults for TS1/cmr/m/n on input line 112.
LaTeX Font Info:    ... okay on input line 112.
LaTeX Font Info:    Checking defaults for TU/lmr/m/n on input line 112.
LaTeX Font Info:    ... okay on input line 112.
LaTeX Font Info:    Checking defaults for OMX/cmex/m/n on input line 112.
LaTeX Font Info:    ... okay on input line 112.
LaTeX Font Info:    Checking defaults for U/cmr/m/n on input line 112.
LaTeX Font Info:    ... okay on input line 112.
LaTeX Font Info:    Checking defaults for PD1/pdf/m/n on input line 112.
LaTeX Font Info:    ... okay on input line 112.
LaTeX Font Info:    Checking defaults for PU/pdf/m/n on input line 112.
LaTeX Font Info:    ... okay on input line 112.
LaTeX Font Info:    Font shape `TU/LinLibertine(0)/m/n' will be
(Font)              scaled to size 7.0pt on input line 112.
LaTeX Font Info:    Font shape `TU/libertinusmath-regular.otf(1)/m/n' will be
(Font)              scaled to size 7.26596pt on input line 112.
LaTeX Font Info:    Font shape `TU/libertinusmath-regular.otf(1)/m/n' will be
(Font)              scaled to size 5.18997pt on input line 112.
LaTeX Font Info:    Font shape `TU/libertinusmath-regular.otf(2)/m/n' will be
(Font)              scaled to size 7.2666pt on input line 112.
LaTeX Font Info:    Font shape `TU/libertinusmath-regular.otf(2)/m/n' will be
(Font)              scaled to size 5.19043pt on input line 112.
LaTeX Font Info:    Font shape `TU/libertinusmath-regular.otf(3)/m/n' will be
(Font)              scaled to size 7.26521pt on input line 112.
LaTeX Font Info:    Font shape `TU/libertinusmath-regular.otf(3)/m/n' will be
(Font)              scaled to size 5.18944pt on input line 112.
LaTeX Font Info:    Trying to load font information for U+msa on input line 112.
(d:/download/texlive/2025/texmf-dist/tex/latex/amsfonts/umsa.fd
File: umsa.fd 2013/01/14 v3.01 AMS symbols A
)
LaTeX Font Info:    Trying to load font information for U+msb on input line 112.
 (d:/download/texlive/2025/texmf-dist/tex/latex/amsfonts/umsb.fd
File: umsb.fd 2013/01/14 v3.01 AMS symbols B
)
LaTeX Info: Redefining \microtypecontext on input line 112.
Package microtype Info: Applying patch `item' on input line 112.
Package microtype Info: Applying patch `toc' on input line 112.
Package microtype Info: Applying patch `eqnum' on input line 112.
Package microtype Info: Applying patch `footnote' on input line 112.
Package microtype Info: Applying patch `verbatim' on input line 112.
LaTeX Info: Redefining \microtypesetup on input line 112.
Package microtype Info: Character protrusion enabled (level 2).
Package microtype Info: Using default protrusion set `alltext'.
Package microtype Info: No adjustment of tracking.
Package microtype Info: No adjustment of spacing.
Package microtype Info: No adjustment of kerning.
Package microtype Info: Loading generic protrusion settings for font family
(microtype)             `LinLibertine' (encoding: TU).
(microtype)             For optimal results, create family-specific settings.
(microtype)             See the microtype manual for details.
Package hyperref Info: Link coloring ON on input line 112.
\@outlinefile=\write4
\openout4 = `sample-manuscript.out'.



Package hyperref Warning: Rerun to get /PageLabels entry.

*geometry* driver: auto-detecting
*geometry* detected driver: xetex
*geometry* verbose mode - [ preamble ] result:
* driver: xetex
* paper: letterpaper
* layout: <same size as paper>
* layoutoffset:(h,v)=(0.0pt,0.0pt)
* modes: twoside heightrounded 
* h-part:(L,W,R)=(73.71613pt, 430.00462pt, 110.57425pt)
* v-part:(T,H,B)=(95.39737pt, 556.47656pt, 143.09605pt)
* \paperwidth=614.295pt
* \paperheight=794.96999pt
* \textwidth=430.00462pt
* \textheight=560.0pt
* \oddsidemargin=1.44614pt
* \evensidemargin=38.30426pt
* \topmargin=-3.87262pt
* \headheight=13.0pt
* \headsep=14.0pt
* \topskip=10.0pt
* \footskip=12.0pt
* \marginparwidth=72.0pt
* \marginparsep=11.0pt
* \columnsep=10.0pt
* \skip\footins=7.0pt plus 11.0pt
* \hoffset=0.0pt
* \voffset=0.0pt
* \mag=1000
* \@twocolumnfalse
* \@twosidetrue
* \@mparswitchtrue
* \@reversemarginfalse
* (1in=72.27pt=25.4mm, 1cm=28.453pt)

Package caption Info: Begin \AtBeginDocument code.
Package caption Info: float package is loaded.
Package caption Info: End \AtBeginDocument code.
LaTeX Font Info:    Font shape `TU/LinLibertine(0)/m/n' will be
(Font)              scaled to size 12.0pt on input line 208.
LaTeX Font Info:    Font shape `TU/LinBiolinum(0)/m/n' will be
(Font)              scaled to size 12.0pt on input line 208.
Package microtype Info: Loading generic protrusion settings for font family
(microtype)             `LinBiolinum' (encoding: TU).
(microtype)             For optimal results, create family-specific settings.
(microtype)             See the microtype manual for details.
LaTeX Font Info:    Font shape `TU/LinBiolinum(0)/b/n' will be
(Font)              scaled to size 12.0pt on input line 208.
LaTeX Font Info:    Font shape `TU/LinLibertine(0)/m/n' will be
(Font)              scaled to size 10.95pt on input line 208.
LaTeX Font Info:    Font shape `TU/LinBiolinum(0)/m/n' will be
(Font)              scaled to size 10.95pt on input line 208.
LaTeX Font Info:    Font shape `TU/libertinusmath-regular.otf(1)/m/n' will be
(Font)              scaled to size 11.36603pt on input line 208.
Package microtype Info: Loading generic protrusion settings for font family
(microtype)             `libertinusmath-regular.otf' (encoding: TU).
(microtype)             For optimal results, create family-specific settings.
(microtype)             See the microtype manual for details.
LaTeX Font Info:    Font shape `TU/libertinusmath-regular.otf(1)/m/n' will be
(Font)              scaled to size 8.30396pt on input line 208.
LaTeX Font Info:    Font shape `TU/libertinusmath-regular.otf(1)/m/n' will be
(Font)              scaled to size 6.22797pt on input line 208.
LaTeX Font Info:    Font shape `TU/libertinusmath-regular.otf(2)/m/n' will be
(Font)              scaled to size 11.36703pt on input line 208.
LaTeX Font Info:    Font shape `TU/libertinusmath-regular.otf(2)/m/n' will be
(Font)              scaled to size 8.30469pt on input line 208.
LaTeX Font Info:    Font shape `TU/libertinusmath-regular.otf(2)/m/n' will be
(Font)              scaled to size 6.22852pt on input line 208.
LaTeX Font Info:    Font shape `TU/libertinusmath-regular.otf(3)/m/n' will be
(Font)              scaled to size 11.36485pt on input line 208.
LaTeX Font Info:    Font shape `TU/libertinusmath-regular.otf(3)/m/n' will be
(Font)              scaled to size 8.3031pt on input line 208.
LaTeX Font Info:    Font shape `TU/libertinusmath-regular.otf(3)/m/n' will be
(Font)              scaled to size 6.22733pt on input line 208.
(d:/download/texlive/2025/texmf-dist/tex/latex/microtype/mt-msa.cfg
File: mt-msa.cfg 2006/02/04 v1.1 microtype config. file: AMS symbols (a) (RS)
) (d:/download/texlive/2025/texmf-dist/tex/latex/microtype/mt-msb.cfg
File: mt-msb.cfg 2005/06/01 v1.0 microtype config. file: AMS symbols (b) (RS)
)
LaTeX Font Info:    Font shape `TU/LinBiolinum(0)/m/n' will be
(Font)              scaled to size 9.0pt on input line 208.
LaTeX Font Info:    Font shape `TU/LinLibertine(0)/m/n' will be
(Font)              scaled to size 5.0pt on input line 208.
LaTeX Font Info:    Font shape `TU/LinLibertine(0)/m/n' will be
(Font)              scaled to size 8.0pt on input line 208.
LaTeX Font Info:    Font shape `TU/LinLibertine(0)/m/it' will be
(Font)              scaled to size 8.0pt on input line 208.
LaTeX Font Info:    Font shape `TU/LinLibertine(0)/b/n' will be
(Font)              scaled to size 8.0pt on input line 208.


LaTeX Warning: Reference `TotPages' on page 1 undefined on input line 208.

LaTeX Font Info:    Font shape `TU/LinBiolinum(0)/b/n' will be
(Font)              scaled to size 9.0pt on input line 210.
LaTeX Font Info:    Font shape `TU/LinLibertine(0)/m/it' will be
(Font)              scaled to size 9.0pt on input line 211.
LaTeX Font Info:    Font shape `TU/LinLibertine(0)/b/n' will be
(Font)              scaled to size 9.0pt on input line 215.

Package natbib Warning: Citation `Zhou2024' on page 1 undefined on input line 215.


Package natbib Warning: Citation `Kenfack2021' on page 1 undefined on input line 215.



LaTeX Font Info:    Font shape `TU/LinLibertine(0)/m/n' will be
(Font)              scaled to size 6.0pt on input line 216.
[1.1]

Package natbib Warning: Citation `Li2024' on page 2 undefined on input line 217.


Package natbib Warning: Citation `Zhou2024' on page 2 undefined on input line 221.


Package natbib Warning: Citation `Chen2004' on page 2 undefined on input line 223.


Underfull \vbox (badness 10000) has occurred while \output is active []



[2.2]

Package natbib Warning: Citation `Guo2024' on page 3 undefined on input line 229.


Package natbib Warning: Citation `Kenfack2021' on page 3 undefined on input line 231.


Overfull \hbox (1.59515pt too wide) in paragraph at lines 231--232
[]\TU/LinLibertine(0)/m/n/9 The application of generative artificial intelligence techniques, particularly Generative Adversarial Networks (GANs),
 []


Package natbib Warning: Citation `Li2018' on page 3 undefined on input line 233.


Package natbib Warning: Citation `Chib1995' on page 3 undefined on input line 235.


Underfull \vbox (badness 10000) has occurred while \output is active []



[3.3]

Package natbib Warning: Citation `Ribeiro2016' on page 4 undefined on input line 239.


Package natbib Warning: Citation `Lundberg2017' on page 4 undefined on input line 239.


LaTeX Warning: Reference `tab:aug_performance' on page 4 undefined on input line 247.


LaTeX Warning: Reference `tab:tay-case' on page 4 undefined on input line 249.

LaTeX Font Info:    Font shape `TU/LinBiolinum(0)/m/it' will be
(Font)              scaled to size 9.0pt on input line 253.

Package natbib Warning: Citation `Chen2004' on page 4 undefined on input line 253.

LaTeX Font Info:    Font shape `TU/libertinusmath-regular.otf(1)/m/n' will be
(Font)              scaled to size 7.47354pt on input line 253.
LaTeX Font Info:    Font shape `TU/libertinusmath-regular.otf(1)/m/n' will be
(Font)              scaled to size 5.60515pt on input line 253.
LaTeX Font Info:    Font shape `TU/libertinusmath-regular.otf(2)/m/n' will be
(Font)              scaled to size 9.34277pt on input line 253.
LaTeX Font Info:    Font shape `TU/libertinusmath-regular.otf(2)/m/n' will be
(Font)              scaled to size 7.47421pt on input line 253.
LaTeX Font Info:    Font shape `TU/libertinusmath-regular.otf(2)/m/n' will be
(Font)              scaled to size 5.60565pt on input line 253.
LaTeX Font Info:    Font shape `TU/libertinusmath-regular.otf(3)/m/n' will be
(Font)              scaled to size 9.34099pt on input line 253.
LaTeX Font Info:    Font shape `TU/libertinusmath-regular.otf(3)/m/n' will be
(Font)              scaled to size 7.47278pt on input line 253.
LaTeX Font Info:    Font shape `TU/libertinusmath-regular.otf(3)/m/n' will be
(Font)              scaled to size 5.60458pt on input line 253.

Underfull \vbox (badness 10000) has occurred while \output is active []



[4.4]

LaTeX Warning: Reference `fig:augmentation_framework' on page 5 undefined on input line 256.


Package natbib Warning: Citation `Li2024' on page 5 undefined on input line 258.

File: picture/2.1.pdf Graphic file (type pdf)
<use picture/2.1.pdf>
LaTeX Font Info:    Font shape `TU/LinBiolinum(0)/m/n' will be
(Font)              scaled to size 8.0pt on input line 267.

Class acmart Warning: A possible image without description on input line 269.


LaTeX Warning: Reference `tab:aug_performance' on page 5 undefined on input line 272.



[5.5]

Package natbib Warning: Citation `Lundberg2017' on page 6 undefined on input line 291.



[6.6]

Package natbib Warning: Citation `Kenfack2021' on page 7 undefined on input line 302.


LaTeX Warning: Reference `tab:gan-advantages' on page 7 undefined on input line 306.


Package natbib Warning: Citation `Zhou2024' on page 7 undefined on input line 331.



[7.7]

LaTeX Warning: Reference `tab:bias-impact' on page 8 undefined on input line 358.


Underfull \hbox (badness 3260) in paragraph at lines 368--368
[]\TU/LinLibertine(0)/m/n/9 Racial imbalance in training
 []


Underfull \hbox (badness 1014) in paragraph at lines 370--370
[]\TU/LinLibertine(0)/m/n/9 Underrepresentation of night-
 []



[8.8]
Overfull \hbox (8.77115pt too wide) in paragraph at lines 390--391
[]\TU/LinLibertine(0)/m/n/9 In sum, while generative AI opens new frontiers for software testing, its misuseespecially when bias goes unchecked
 []


Underfull \vbox (badness 2261) has occurred while \output is active []



[9.9]

Package natbib Warning: Citation `Guo2024' on page 10 undefined on input line 409.


Underfull \vbox (badness 6944) has occurred while \output is active []



[10.10]
LaTeX Font Info:    Font shape `TU/LinLibertine(1)/m/n' will be
(Font)              scaled to size 9.0pt on input line 428.
LaTeX Font Info:    Font shape `TU/LinLibertine(1)/m/n' will be
(Font)              scaled to size 7.2pt on input line 428.
LaTeX Font Info:    Font shape `TU/LinLibertine(1)/m/n' will be
(Font)              scaled to size 5.4pt on input line 428.
LaTeX Font Info:    Font shape `TU/LinLibertine(0)/m/n' will be
(Font)              scaled to size 7.2pt on input line 430.
LaTeX Font Info:    Font shape `TU/LinLibertine(0)/m/n' will be
(Font)              scaled to size 5.4pt on input line 430.


Package natbib Warning: Citation `Guo2024' on page 11 undefined on input line 442.


Underfull \vbox (badness 10000) has occurred while \output is active []



[11.11]

LaTeX Warning: Reference `fig:english_boundary' on page 12 undefined on input line 468.

File: ./picture/1.pdf Graphic file (type pdf)
<use ./picture/1.pdf>
LaTeX Font Info:    Font shape `TU/LinLibertine(1)/m/n' will be
(Font)              scaled to size 8.0pt on input line 473.
LaTeX Font Info:    Font shape `TU/LinLibertine(1)/m/n' will be
(Font)              scaled to size 6.0pt on input line 473.
LaTeX Font Info:    Font shape `TU/LinLibertine(1)/m/n' will be
(Font)              scaled to size 5.0pt on input line 473.

Class acmart Warning: A possible image without description on input line 475.



[12.12]

[13.13]

Package natbib Warning: Citation `Li2018' on page 14 undefined on input line 499.



[14.14]

[15.15]

Package natbib Warning: Citation `genprog' on page 16 undefined on input line 558.


Package natbib Warning: Citation `angelix' on page 16 undefined on input line 558.


Package natbib Warning: Citation `deeprepair' on page 16 undefined on input line 558.


Package natbib Warning: Citation `tbar' on page 16 undefined on input line 558.



[16.16]
Package microtype Info: Loading generic protrusion settings for font family
(microtype)             `inconsolata' (encoding: TU).
(microtype)             For optimal results, create family-specific settings.
(microtype)             See the microtype manual for details.


Package natbib Warning: Citation `defects4j' on page 17 undefined on input line 561.


Package natbib Warning: Citation `selfapr_paper' on page 17 undefined on input line 566.


LaTeX Warning: Reference `fig:APRframework' on page 17 undefined on input line 574.

File: picture/APRframework.png Graphic file (type bmp)
<picture/APRframework.png>

Package natbib Warning: Citation `selfapr_paper' on page 17 undefined on input line 579.


Package natbib Warning: Citation `selfapr_paper' on page 17 undefined on input line 579.


Class acmart Warning: A possible image without description on input line 581.


LaTeX Warning: Reference `tab:perturbation_rules' on page 17 undefined on input line 583.



[17.17]

[18.18]

Package natbib Warning: Citation `gzoltar' on page 19 undefined on input line 623.


Package natbib Warning: Citation `defects4j' on page 19 undefined on input line 634.


Package natbib Warning: Citation `genprog' on page 19 undefined on input line 639.


Package natbib Warning: Citation `jgenprog' on page 19 undefined on input line 639.


Package natbib Warning: Citation `nopol' on page 19 undefined on input line 640.


Package natbib Warning: Citation `angelix' on page 19 undefined on input line 640.


Package natbib Warning: Citation `deeprepair' on page 19 undefined on input line 641.


Package natbib Warning: Citation `tbar' on page 19 undefined on input line 641.


Package natbib Warning: Citation `recoder' on page 19 undefined on input line 641.


Package natbib Warning: Citation `cure' on page 19 undefined on input line 641.


Package natbib Warning: Citation `buglab' on page 19 undefined on input line 642.


Package natbib Warning: Citation `rewardrepair' on page 19 undefined on input line 642.


Package natbib Warning: Citation `aprgnn' on page 19 undefined on input line 643.


LaTeX Warning: Reference `tab:comparison' on page 19 undefined on input line 654.



[19.19]

[20.20]
File: picture/jenkins+ai+cursor.pdf Graphic file (type pdf)
<use picture/jenkins+ai+cursor.pdf>


Package natbib Warning: Citation `Bifet2007' on page 21 undefined on input line 721.


Package natbib Warning: Citation `Bifet2007' on page 21 undefined on input line 721.


Class acmart Warning: A possible image without description on input line 723.


Underfull \vbox (badness 10000) has occurred while \output is active []



[21.21]

LaTeX Warning: Reference `fig:adwin' on page 22 undefined on input line 733.


Overfull \hbox (14.64766pt too wide) in paragraph at lines 737--738
 \TU/LinBiolinum(0)/m/it/9 4.2.2 AI-Driven Deployment Strategies.[] \TU/LinLibertine(1)/m/n/9 AI enhances deployment strategies by introducing **risk-aware decision-making**.
 []



[22.22]

[23.23]

LaTeX Warning: Reference `fig:shap' on page 24 undefined on input line 835.


LaTeX Warning: Reference `fig:shap' on page 24 undefined on input line 837.


Underfull \vbox (badness 2556) has occurred while \output is active []



[24.24]
File: picture/5.1fig1.pdf Graphic file (type pdf)
<use picture/5.1fig1.pdf>


Package natbib Warning: Citation `Li2024' on page 25 undefined on input line 853.


Package natbib Warning: Citation `Li2024' on page 25 undefined on input line 853.


Class acmart Warning: A possible image without description on input line 855.


Package natbib Warning: Citation `Li2024' on page 25 undefined on input line 857.



[25.25]

Package natbib Warning: Citation `Bifet2007' on page 26 undefined on input line 868.

File: picture/5.1fig2.pdf Graphic file (type pdf)
<use picture/5.1fig2.pdf>

Package natbib Warning: Citation `Bifet2007' on page 26 undefined on input line 874.


Package natbib Warning: Citation `Bifet2007' on page 26 undefined on input line 874.


Class acmart Warning: A possible image without description on input line 876.



[26.26]

[27.27]

Package natbib Warning: Citation `Ribeiro2016' on page 28 undefined on input line 904.

File: picture/5.2fig1.pdf Graphic file (type pdf)
<use picture/5.2fig1.pdf>

Package natbib Warning: Citation `Ribeiro2016' on page 28 undefined on input line 909.


Package natbib Warning: Citation `Ribeiro2016' on page 28 undefined on input line 909.


Class acmart Warning: A possible image without description on input line 911.



[28.28]

Package natbib Warning: Citation `Lundberg2017' on page 29 undefined on input line 921.

File: picture/5.2fig2.pdf Graphic file (type pdf)
<use picture/5.2fig2.pdf>

Package natbib Warning: Citation `Lundberg2017' on page 29 undefined on input line 926.


Package natbib Warning: Citation `Lundberg2017' on page 29 undefined on input line 926.


Class acmart Warning: A possible image without description on input line 928.



[29.29]
Underfull \vbox (badness 10000) has occurred while \output is active []



[30.30]

LaTeX Warning: Reference `tab:mitigation' on page 31 undefined on input line 950.


Overfull \hbox (9.48239pt too wide) in paragraph at lines 967--968
 \TU/LinBiolinum(0)/m/it/9 6.1.2 Impact on Validation Effectiveness.[] \TU/LinLibertine(1)/m/n/9 Data dependency fundamentally compromises traditional validation approaches
 []



[31.31]
Underfull \hbox (badness 3746) in paragraph at lines 1002--1003
[]\TU/LinLibertine(1)/m/n/9 Ensemble Validation: Combine model-centered tests with
 []



[32.32]

Package natbib Warning: Citation `Zhou2024' on page 33 undefined on input line 1032.


LaTeX Warning: Reference `subsec:7.1' on page 33 undefined on input line 1044.


LaTeX Warning: Reference `subsec:7.2' on page 33 undefined on input line 1044.


Underfull \vbox (badness 10000) has occurred while \output is active []



[33.33]

Package natbib Warning: Citation `Li2018' on page 34 undefined on input line 1053.


Class acmart Warning: \vspace should only be used to provide space above/below surrounding objects on input line 1066.



[34.34]
LaTeX Font Info:    Font shape `TU/LinLibertine(0)/m/it' will be
(Font)              scaled to size 7.0pt on input line 1072.


Package natbib Warning: There were undefined citations.


Class acmart Warning: Some images may lack descriptions.



[35.35]
LaTeX Font Info:    Font shape `TU/LinLibertine(1)/m/n' will be
(Font)              scaled to size 10.95pt on input line 1209.
 (d:/download/texlive/2025/texmf-dist/tex/generic/stringenc/se-pdfdoc.def
File: se-pdfdoc.def 2019/11/29 v1.12 stringenc: PDFDocEncoding
) (d:/download/texlive/2025/texmf-dist/tex/generic/stringenc/se-utf32be.def
File: se-utf32be.def 2019/11/29 v1.12 stringenc: UTF-32BE
) [36.35] (./sample-manuscript.aux

Package natbib Warning: Citation(s) may have changed.
(natbib)                Rerun to get citations correct.

)
 ***********
LaTeX2e <2024-11-01> patch level 2
L3 programming layer <2025-01-18>
 ***********


LaTeX Warning: There were undefined references.


LaTeX Warning: Label(s) may have changed. Rerun to get cross-references right.


LaTeX Warning: Temporary extra page added at the end. Rerun to get it removed.


Package rerunfilecheck Warning: File `sample-manuscript.out' has changed.
(rerunfilecheck)                Rerun to get outlines right
(rerunfilecheck)                or use package `bookmark'.

Package rerunfilecheck Info: Checksums for `sample-manuscript.out':
(rerunfilecheck)             Before: <no file>
(rerunfilecheck)             After:  8548A773272578A6A18FCC3AD6F08F16;5268.
 ) 
Here is how much of TeX's memory you used:
 32436 strings out of 473839
 633045 string characters out of 5729454
 1166121 words of memory out of 5000000
 54945 multiletter control sequences out of 15000+600000
 567575 words of font info for 146 fonts, out of 8000000 for 9000
 1509 hyphenation exceptions out of 8191
 105i,17n,131p,1741b,32903s stack positions out of 10000i,1000n,20000p,200000b,200000s

Output written on sample-manuscript.pdf (36 pages).
